2025-02-20 20:03:24 [main] INFO  k.i.p.PatentParserApplication - Starting PatentParserApplication using Java 17.0.6 with PID 17604 (C:\Users\user\IdeaProjects\PatentParser\build\classes\java\main started by user in C:\Users\user\IdeaProjects\PatentParser)
2025-02-20 20:03:24 [main] INFO  k.i.p.PatentParserApplication - No active profile set, falling back to 1 default profile: "default"
2025-02-20 20:03:25 [main] INFO  o.s.d.r.c.RepositoryConfigurationDelegate - Bootstrapping Spring Data JPA repositories in DEFAULT mode.
2025-02-20 20:03:25 [main] INFO  o.s.d.r.c.RepositoryConfigurationDelegate - Finished Spring Data repository scanning in 67 ms. Found 1 JPA repository interface.
2025-02-20 20:03:25 [main] INFO  o.s.b.w.e.tomcat.TomcatWebServer - Tomcat initialized with port 8080 (http)
2025-02-20 20:03:25 [main] INFO  o.a.coyote.http11.Http11NioProtocol - Initializing ProtocolHandler ["http-nio-8080"]
2025-02-20 20:03:25 [main] INFO  o.a.catalina.core.StandardService - Starting service [Tomcat]
2025-02-20 20:03:25 [main] INFO  o.a.catalina.core.StandardEngine - Starting Servlet engine: [Apache Tomcat/10.1.34]
2025-02-20 20:03:25 [main] INFO  o.a.c.c.C.[Tomcat].[localhost].[/] - Initializing Spring embedded WebApplicationContext
2025-02-20 20:03:25 [main] INFO  o.s.b.w.s.c.ServletWebServerApplicationContext - Root WebApplicationContext: initialization completed in 1559 ms
2025-02-20 20:03:26 [main] INFO  o.h.jpa.internal.util.LogHelper - HHH000204: Processing PersistenceUnitInfo [name: default]
2025-02-20 20:03:26 [main] INFO  org.hibernate.Version - HHH000412: Hibernate ORM core version 6.6.5.Final
2025-02-20 20:03:26 [main] INFO  o.h.c.i.RegionFactoryInitiator - HHH000026: Second-level cache disabled
2025-02-20 20:03:26 [main] INFO  o.s.o.j.p.SpringPersistenceUnitInfo - No LoadTimeWeaver setup: ignoring JPA class transformer
2025-02-20 20:03:26 [main] INFO  com.zaxxer.hikari.HikariDataSource - HikariPool-1 - Starting...
2025-02-20 20:03:26 [main] INFO  com.zaxxer.hikari.pool.HikariPool - HikariPool-1 - Added connection org.postgresql.jdbc.PgConnection@32a033b6
2025-02-20 20:03:26 [main] INFO  com.zaxxer.hikari.HikariDataSource - HikariPool-1 - Start completed.
2025-02-20 20:03:26 [main] INFO  o.hibernate.orm.connections.pooling - HHH10001005: Database info:
	Database JDBC URL [Connecting through datasource 'HikariDataSource (HikariPool-1)']
	Database driver: undefined/unknown
	Database version: 12.14
	Autocommit mode: undefined/unknown
	Isolation level: undefined/unknown
	Minimum pool size: undefined/unknown
	Maximum pool size: undefined/unknown
2025-02-20 20:03:27 [main] INFO  o.h.e.t.j.p.i.JtaPlatformInitiator - HHH000489: No JTA platform available (set 'hibernate.transaction.jta.platform' to enable JTA platform integration)
2025-02-20 20:03:28 [main] INFO  o.s.o.j.LocalContainerEntityManagerFactoryBean - Initialized JPA EntityManagerFactory for persistence unit 'default'
2025-02-20 20:03:31 [main] WARN  o.o.s.devtools.CdpVersionFinder - Unable to find CDP implementation matching 133
2025-02-20 20:03:31 [main] WARN  o.o.selenium.chromium.ChromiumDriver - Unable to find version of CDP to use for 133.0.6943.127. You may need to include a dependency on a specific version of the CDP using something similar to `org.seleniumhq.selenium:selenium-devtools-v86:4.25.0` where the version ("v86") matches the version of the chromium-based browser you're using and the version number of the artifact is the same as Selenium's.
2025-02-20 20:03:31 [main] WARN  o.s.b.a.o.j.JpaBaseConfiguration$JpaWebConfiguration - spring.jpa.open-in-view is enabled by default. Therefore, database queries may be performed during view rendering. Explicitly configure spring.jpa.open-in-view to disable this warning
2025-02-20 20:03:31 [main] INFO  o.a.coyote.http11.Http11NioProtocol - Starting ProtocolHandler ["http-nio-8080"]
2025-02-20 20:03:31 [main] INFO  o.s.b.w.e.tomcat.TomcatWebServer - Tomcat started on port 8080 (http) with context path '/'
2025-02-20 20:03:31 [main] INFO  k.i.p.PatentParserApplication - Started PatentParserApplication in 8.252 seconds (process running for 10.825)
2025-02-20 20:04:15 [http-nio-8080-exec-2] INFO  o.a.c.c.C.[Tomcat].[localhost].[/] - Initializing Spring DispatcherServlet 'dispatcherServlet'
2025-02-20 20:04:15 [http-nio-8080-exec-2] INFO  o.s.web.servlet.DispatcherServlet - Initializing Servlet 'dispatcherServlet'
2025-02-20 20:04:15 [http-nio-8080-exec-2] INFO  o.s.web.servlet.DispatcherServlet - Completed initialization in 1 ms
2025-02-20 20:04:16 [http-nio-8080-exec-2] WARN  o.o.s.devtools.CdpVersionFinder - Unable to find CDP implementation matching 133
2025-02-20 20:04:16 [http-nio-8080-exec-2] WARN  o.o.selenium.chromium.ChromiumDriver - Unable to find version of CDP to use for 133.0.6943.127. You may need to include a dependency on a specific version of the CDP using something similar to `org.seleniumhq.selenium:selenium-devtools-v86:4.25.0` where the version ("v86") matches the version of the chromium-based browser you're using and the version number of the artifact is the same as Selenium's.
2025-02-20 20:04:16 [http-nio-8080-exec-2] INFO  k.i.p.service.PatentParserService - Starting patent parsing process...
2025-02-20 20:04:19 [http-nio-8080-exec-2] INFO  k.i.p.service.PatentParserService - Opened KazPatent website.
2025-02-20 20:04:19 [http-nio-8080-exec-2] INFO  k.i.p.service.PatentParserService - Processing category: Изобретения
2025-02-20 20:04:23 [http-nio-8080-exec-2] INFO  k.i.p.service.PatentParserService - Selecting category: Изобретения
2025-02-20 20:04:23 [http-nio-8080-exec-2] INFO  k.i.p.service.PatentParserService - Search button clicked for category: Изобретения
2025-02-20 20:04:23 [http-nio-8080-exec-2] INFO  k.i.p.service.PatentParserService - Successfully selected category: Изобретения
2025-02-20 20:04:26 [http-nio-8080-exec-2] INFO  k.i.p.service.PatentParserService - Parsing patents for category: Изобретения
2025-02-20 20:04:26 [http-nio-8080-exec-2] INFO  k.i.p.service.PatentParserService - Search results loaded for category: Изобретения
2025-02-20 20:04:27 [http-nio-8080-exec-2] INFO  k.i.p.service.PatentParserService - Card text: № охранного документа: 15116
Статус: Досрочно прекращен из-за неоплаты
МПК: A61K 31/70, A61K 31/7004, A61K 31/702, A61K 31/715, A61K 31/74, A61K 38/00, A61K 33/14, A61K 33/18, A61P 31/04, A61P 31/12 (8)
Номер заявки: 2002/1339.1
Дата подачи заявки: 08.11.2002
Название: Бактерицидное и вирулицидное фармацевтическое средство для профилактики и лечения моно- и микстинфекций, способ профилактики и/или лечения бактериальных, вирусных и микстинфекций
Автор(-ы): Ильин Александр Иванович Ilin Aleksandr Ivanovich(KZ); Кулманов Мурат Есенгалиевич (KZ)
Патентообладатель: Кулманов Мурат Есенгалиевич (KZ); Ильин Александр Иванович (KZ)
Номер бюллетеня: 2
Дата бюллетеня: 16.02.2009
2025-02-20 20:04:27 [http-nio-8080-exec-2] INFO  k.i.p.service.PatentParserService - Patent already exists, skipping: Бактерицидное и вирулицидное фармацевтическое средство для профилактики и лечения моно- и микстинфекций, способ профилактики и/или лечения бактериальных, вирусных и микстинфекций
2025-02-20 20:04:27 [http-nio-8080-exec-2] INFO  k.i.p.service.PatentParserService - Card text: № охранного документа: 20875
Статус: Срок действия предварительного/инновационного патента истек
МПК: A61B 17/00, A61B 17/34 (2006.1)
Номер заявки: 2004/1495.1
Дата подачи заявки: 01.11.2004
Название: Способ проведения пункции плевральной полости
Автор(-ы):
Патентообладатель:
Номер бюллетеня: 3
Дата бюллетеня: 16.03.2009
2025-02-20 20:04:27 [http-nio-8080-exec-2] INFO  k.i.p.service.PatentParserService - Patent already exists, skipping: Способ проведения пункции плевральной полости
2025-02-20 20:04:27 [http-nio-8080-exec-2] INFO  k.i.p.service.PatentParserService - Card text: № охранного документа: 20871
Статус: Срок действия предварительного/инновационного патента истек
МПК: A61B 5/02, A61B 5/04
Номер заявки: 2004/0901.1
Дата подачи заявки: 28.06.2004
Название: Способ диагностики диффузного поражения среднего слоя миокарда
Автор(-ы):
Патентообладатель:
Номер бюллетеня: 3
Дата бюллетеня: 16.03.2009
2025-02-20 20:04:27 [http-nio-8080-exec-2] INFO  k.i.p.service.PatentParserService - Patent already exists, skipping: Способ диагностики диффузного поражения среднего слоя миокарда
2025-02-20 20:04:27 [http-nio-8080-exec-2] INFO  k.i.p.service.PatentParserService - Card text: № охранного документа: 23800
Статус: Досрочно прекращен из-за неоплаты
МПК: H04L 29/02
Номер заявки: 2004/1554.1
Дата подачи заявки: 13.08.2003
Название: Способ передачи управляющего сигнала для данных мультимедийных широковещательных/ многоадресных услуг (MBMS) в системе беспроводной подвижной связи
Автор(-ы): ЛИ, Ён Даэ (KR); ЫЙ, Сён-Джун (KR); ЛИ, Со-Ён (KR)
Патентообладатель: LG Electronics Inc. Эл Джи Электроникс Инк. (KR)
Патентные поверенные: Жевлакова Татьяна Владимировна
Номер бюллетеня: 12
Дата бюллетеня: 20.12.2011
2025-02-20 20:04:27 [http-nio-8080-exec-2] INFO  k.i.p.service.PatentParserService - Patent already exists, skipping: Способ передачи управляющего сигнала для данных мультимедийных широковещательных/ многоадресных услуг (MBMS) в системе беспроводной подвижной связи
2025-02-20 20:04:27 [http-nio-8080-exec-2] INFO  k.i.p.service.PatentParserService - Card text: № охранного документа: 20891
Статус: Досрочно прекращен из-за неоплаты
МПК: B01D 63/02 (8)
Номер заявки: 2005/0009.1
Дата подачи заявки: 05.01.2005
Название: Мембранный аппарат
Автор(-ы):
Патентообладатель:
Номер бюллетеня: 3
Дата бюллетеня: 16.03.2009
2025-02-20 20:04:27 [http-nio-8080-exec-2] INFO  k.i.p.service.PatentParserService - Patent already exists, skipping: Мембранный аппарат
2025-02-20 20:04:27 [http-nio-8080-exec-2] INFO  k.i.p.service.PatentParserService - Card text: № охранного документа: 21056
Статус: Срок действия предварительного/инновационного патента истек
МПК: C07C 62/00, C07C 62/18, C07C 251/32, C07C 249/04, A61K 31/15, A61P 31/04 (8)
Номер заявки: 2005/0028.1
Дата подачи заявки: 13.01.2005
Название: 4,4-Диметил-2-(1-метилэтилиден)циклопентанона оксим, обладающий антимикробной активностью
Автор(-ы): Атажанова Гаяне Абдулхакимовна; Адекенов Сергазы Мынжасарович Adekenov Sergazy Mynzhasarovich (KZ); Аксартов Рустам Менделевич; Сейдахметова Роза Батталовна Seidakhmetova Roza Battalovna(KZ)
Патентообладатель:
Номер бюллетеня: 4
Дата бюллетеня: 15.04.2009
2025-02-20 20:04:27 [http-nio-8080-exec-2] INFO  k.i.p.service.PatentParserService - Patent already exists, skipping: 4,4-Диметил-2-(1-метилэтилиден)циклопентанона оксим, обладающий антимикробной активностью
2025-02-20 20:04:27 [http-nio-8080-exec-2] INFO  k.i.p.service.PatentParserService - Card text: № охранного документа: 20884
Статус: Срок действия предварительного/инновационного патента истек
МПК: A61K 36/00, A61K 36/282 (8)
Номер заявки: 2005/0225.1
Дата подачи заявки: 21.02.2005
Название: Способ получения радиосенсибилизирующего средства из растительного сырья
Автор(-ы):
Патентообладатель:
Номер бюллетеня: 3
Дата бюллетеня: 16.03.2009
2025-02-20 20:04:27 [http-nio-8080-exec-2] INFO  k.i.p.service.PatentParserService - Patent already exists, skipping: Способ получения радиосенсибилизирующего средства из растительного сырья
2025-02-20 20:04:27 [http-nio-8080-exec-2] INFO  k.i.p.service.PatentParserService - Card text: № охранного документа: 21063
Статус: Срок действия предварительного/инновационного патента истек
МПК: G01N 33/53
Номер заявки: 2004/1665.1
Дата подачи заявки: 16.11.2004
Название: Способ диагностики Helicobacter pylori у больных крупноочаговым инфарктом миокарда
Автор(-ы):
Патентообладатель:
Номер бюллетеня: 4
Дата бюллетеня: 15.04.2009
2025-02-20 20:04:27 [http-nio-8080-exec-2] INFO  k.i.p.service.PatentParserService - Patent already exists, skipping: Способ диагностики Helicobacter pylori у больных крупноочаговым инфарктом миокарда
2025-02-20 20:04:27 [http-nio-8080-exec-2] INFO  k.i.p.service.PatentParserService - Card text: № охранного документа: 21504
Статус: Срок действия предварительного/инновационного патента истек
МПК: G01N 33/53 (7)
Номер заявки: 2005/0368.1
Дата подачи заявки: 17.03.2005
Название: Способ диагностики малигнизации колоректальных аденом
Автор(-ы):
Патентообладатель:
Номер бюллетеня: 8
Дата бюллетеня: 14.08.2009
2025-02-20 20:04:27 [http-nio-8080-exec-2] INFO  k.i.p.service.PatentParserService - Patent already exists, skipping: Способ диагностики малигнизации колоректальных аденом
2025-02-20 20:04:27 [http-nio-8080-exec-2] INFO  k.i.p.service.PatentParserService - Card text: № охранного документа: 20894
Статус: Срок действия предварительного/инновационного патента истек
МПК: B21D 22/00 (8)
Номер заявки: 2005/0523.1
Дата подачи заявки: 15.04.2005
Название: Способ изготовления полых изделий (варианты)
Автор(-ы):
Патентообладатель: Товарищество с ограниченной ответственностью "Карагандинский инструментально-арматурный механический завод "Геомаш" ул. Охотская, д. 1, г. Караганда, 100019 KZ (KZ)
Номер бюллетеня: 3
Дата бюллетеня: 16.03.2009
2025-02-20 20:04:28 [http-nio-8080-exec-2] INFO  k.i.p.service.PatentParserService - Patent already exists, skipping: Способ изготовления полых изделий (варианты)
2025-02-20 20:04:28 [http-nio-8080-exec-2] INFO  k.i.p.service.PatentParserService - Processing category: Полезные модели
2025-02-20 20:04:31 [http-nio-8080-exec-2] INFO  k.i.p.service.PatentParserService - Selecting category: Полезные модели
2025-02-20 20:04:31 [http-nio-8080-exec-2] INFO  k.i.p.service.PatentParserService - Search button clicked for category: Полезные модели
2025-02-20 20:04:31 [http-nio-8080-exec-2] INFO  k.i.p.service.PatentParserService - Successfully selected category: Полезные модели
2025-02-20 20:04:34 [http-nio-8080-exec-2] INFO  k.i.p.service.PatentParserService - Parsing patents for category: Полезные модели
2025-02-20 20:04:38 [SpringApplicationShutdownHook] INFO  o.s.b.w.e.tomcat.GracefulShutdown - Commencing graceful shutdown. Waiting for active requests to complete
2025-02-20 20:04:54 [http-nio-8080-exec-2] ERROR k.i.p.service.PatentParserService - Error parsing category: Полезные модели
org.openqa.selenium.TimeoutException: Expected condition failed: waiting for visibility of element located by By.id: cvReestr_DXMainTable (tried for 20 second(s) with 500 milliseconds interval)
	at org.openqa.selenium.support.ui.WebDriverWait.timeoutException(WebDriverWait.java:84)
	at org.openqa.selenium.support.ui.FluentWait.until(FluentWait.java:228)
	at kz.it.patentparser.service.PatentParserService.parsePatents(PatentParserService.java:104)
	at kz.it.patentparser.service.PatentParserService.parseAllCategories(PatentParserService.java:65)
	at kz.it.patentparser.controller.PatentController.startParsing(PatentController.java:19)
	at java.base/jdk.internal.reflect.NativeMethodAccessorImpl.invoke0(Native Method)
	at java.base/jdk.internal.reflect.NativeMethodAccessorImpl.invoke(NativeMethodAccessorImpl.java:77)
	at java.base/jdk.internal.reflect.DelegatingMethodAccessorImpl.invoke(DelegatingMethodAccessorImpl.java:43)
	at java.base/java.lang.reflect.Method.invoke(Method.java:568)
	at org.springframework.web.method.support.InvocableHandlerMethod.doInvoke(InvocableHandlerMethod.java:257)
	at org.springframework.web.method.support.InvocableHandlerMethod.invokeForRequest(InvocableHandlerMethod.java:190)
	at org.springframework.web.servlet.mvc.method.annotation.ServletInvocableHandlerMethod.invokeAndHandle(ServletInvocableHandlerMethod.java:118)
	at org.springframework.web.servlet.mvc.method.annotation.RequestMappingHandlerAdapter.invokeHandlerMethod(RequestMappingHandlerAdapter.java:986)
	at org.springframework.web.servlet.mvc.method.annotation.RequestMappingHandlerAdapter.handleInternal(RequestMappingHandlerAdapter.java:891)
	at org.springframework.web.servlet.mvc.method.AbstractHandlerMethodAdapter.handle(AbstractHandlerMethodAdapter.java:87)
	at org.springframework.web.servlet.DispatcherServlet.doDispatch(DispatcherServlet.java:1088)
	at org.springframework.web.servlet.DispatcherServlet.doService(DispatcherServlet.java:978)
	at org.springframework.web.servlet.FrameworkServlet.processRequest(FrameworkServlet.java:1014)
	at org.springframework.web.servlet.FrameworkServlet.doPost(FrameworkServlet.java:914)
	at jakarta.servlet.http.HttpServlet.service(HttpServlet.java:590)
	at org.springframework.web.servlet.FrameworkServlet.service(FrameworkServlet.java:885)
	at jakarta.servlet.http.HttpServlet.service(HttpServlet.java:658)
	at org.apache.catalina.core.ApplicationFilterChain.internalDoFilter(ApplicationFilterChain.java:195)
	at org.apache.catalina.core.ApplicationFilterChain.doFilter(ApplicationFilterChain.java:140)
	at org.apache.tomcat.websocket.server.WsFilter.doFilter(WsFilter.java:51)
	at org.apache.catalina.core.ApplicationFilterChain.internalDoFilter(ApplicationFilterChain.java:164)
	at org.apache.catalina.core.ApplicationFilterChain.doFilter(ApplicationFilterChain.java:140)
	at org.springframework.web.filter.RequestContextFilter.doFilterInternal(RequestContextFilter.java:100)
	at org.springframework.web.filter.OncePerRequestFilter.doFilter(OncePerRequestFilter.java:116)
	at org.apache.catalina.core.ApplicationFilterChain.internalDoFilter(ApplicationFilterChain.java:164)
	at org.apache.catalina.core.ApplicationFilterChain.doFilter(ApplicationFilterChain.java:140)
	at org.springframework.web.filter.FormContentFilter.doFilterInternal(FormContentFilter.java:93)
	at org.springframework.web.filter.OncePerRequestFilter.doFilter(OncePerRequestFilter.java:116)
	at org.apache.catalina.core.ApplicationFilterChain.internalDoFilter(ApplicationFilterChain.java:164)
	at org.apache.catalina.core.ApplicationFilterChain.doFilter(ApplicationFilterChain.java:140)
	at org.springframework.web.filter.CharacterEncodingFilter.doFilterInternal(CharacterEncodingFilter.java:201)
	at org.springframework.web.filter.OncePerRequestFilter.doFilter(OncePerRequestFilter.java:116)
	at org.apache.catalina.core.ApplicationFilterChain.internalDoFilter(ApplicationFilterChain.java:164)
	at org.apache.catalina.core.ApplicationFilterChain.doFilter(ApplicationFilterChain.java:140)
	at org.apache.catalina.core.StandardWrapperValve.invoke(StandardWrapperValve.java:167)
	at org.apache.catalina.core.StandardContextValve.invoke(StandardContextValve.java:90)
	at org.apache.catalina.authenticator.AuthenticatorBase.invoke(AuthenticatorBase.java:483)
	at org.apache.catalina.core.StandardHostValve.invoke(StandardHostValve.java:115)
	at org.apache.catalina.valves.ErrorReportValve.invoke(ErrorReportValve.java:93)
	at org.apache.catalina.core.StandardEngineValve.invoke(StandardEngineValve.java:74)
	at org.apache.catalina.connector.CoyoteAdapter.service(CoyoteAdapter.java:344)
	at org.apache.coyote.http11.Http11Processor.service(Http11Processor.java:397)
	at org.apache.coyote.AbstractProcessorLight.process(AbstractProcessorLight.java:63)
	at org.apache.coyote.AbstractProtocol$ConnectionHandler.process(AbstractProtocol.java:905)
	at org.apache.tomcat.util.net.NioEndpoint$SocketProcessor.doRun(NioEndpoint.java:1741)
	at org.apache.tomcat.util.net.SocketProcessorBase.run(SocketProcessorBase.java:52)
	at org.apache.tomcat.util.threads.ThreadPoolExecutor.runWorker(ThreadPoolExecutor.java:1190)
	at org.apache.tomcat.util.threads.ThreadPoolExecutor$Worker.run(ThreadPoolExecutor.java:659)
	at org.apache.tomcat.util.threads.TaskThread$WrappingRunnable.run(TaskThread.java:63)
	at java.base/java.lang.Thread.run(Thread.java:833)
Caused by: org.openqa.selenium.NoSuchWindowException: no such window: target window already closed
from unknown error: web view not found
  (Session info: chrome=133.0.6943.127)
Build info: version: '4.25.0', revision: '8a8aea2337'
System info: os.name: 'Windows 11', os.arch: 'amd64', os.version: '10.0', java.version: '17.0.6'
Driver info: org.openqa.selenium.chrome.ChromeDriver
Command: [c89db54aa6e2c2f4f25e99f897f425bd, findElement {value=cvReestr_DXMainTable, using=id}]
Capabilities {acceptInsecureCerts: false, browserName: chrome, browserVersion: 133.0.6943.127, chrome: {chromedriverVersion: 133.0.6943.126 (cffa127ce7b..., userDataDir: C:\Users\user\AppData\Local...}, fedcm:accounts: true, goog:chromeOptions: {debuggerAddress: localhost:62247}, networkConnectionEnabled: false, pageLoadStrategy: normal, platformName: windows, proxy: Proxy(), se:cdp: ws://localhost:62247/devtoo..., se:cdpVersion: 133.0.6943.127, setWindowRect: true, strictFileInteractability: false, timeouts: {implicit: 0, pageLoad: 300000, script: 30000}, unhandledPromptBehavior: dismiss and notify, webauthn:extension:credBlob: true, webauthn:extension:largeBlob: true, webauthn:extension:minPinLength: true, webauthn:extension:prf: true, webauthn:virtualAuthenticators: true}
Session ID: c89db54aa6e2c2f4f25e99f897f425bd
	at jdk.internal.reflect.GeneratedConstructorAccessor44.newInstance(Unknown Source)
	at java.base/jdk.internal.reflect.DelegatingConstructorAccessorImpl.newInstance(DelegatingConstructorAccessorImpl.java:45)
	at java.base/java.lang.reflect.Constructor.newInstanceWithCaller(Constructor.java:499)
	at java.base/java.lang.reflect.Constructor.newInstance(Constructor.java:480)
	at org.openqa.selenium.remote.ErrorCodec.decode(ErrorCodec.java:167)
	at org.openqa.selenium.remote.codec.w3c.W3CHttpResponseCodec.decode(W3CHttpResponseCodec.java:138)
	at org.openqa.selenium.remote.codec.w3c.W3CHttpResponseCodec.decode(W3CHttpResponseCodec.java:50)
	at org.openqa.selenium.remote.HttpCommandExecutor.execute(HttpCommandExecutor.java:190)
	at org.openqa.selenium.remote.service.DriverCommandExecutor.invokeExecute(DriverCommandExecutor.java:216)
	at org.openqa.selenium.remote.service.DriverCommandExecutor.execute(DriverCommandExecutor.java:174)
	at org.openqa.selenium.remote.RemoteWebDriver.execute(RemoteWebDriver.java:545)
	at org.openqa.selenium.remote.ElementLocation$ElementFinder$2.findElement(ElementLocation.java:165)
	at org.openqa.selenium.remote.ElementLocation.findElement(ElementLocation.java:59)
	at org.openqa.selenium.remote.RemoteWebDriver.findElement(RemoteWebDriver.java:368)
	at org.openqa.selenium.remote.RemoteWebDriver.findElement(RemoteWebDriver.java:362)
	at org.openqa.selenium.support.ui.ExpectedConditions$7.apply(ExpectedConditions.java:194)
	at org.openqa.selenium.support.ui.ExpectedConditions$7.apply(ExpectedConditions.java:190)
	at org.openqa.selenium.support.ui.FluentWait.until(FluentWait.java:203)
	... 53 common frames omitted
2025-02-20 20:04:54 [http-nio-8080-exec-2] INFO  k.i.p.service.PatentParserService - Processing category: Промышленные образцы
2025-02-20 20:04:57 [http-nio-8080-exec-2] INFO  k.i.p.service.PatentParserService - Selecting category: Промышленные образцы
2025-02-20 20:05:09 [SpringApplicationShutdownHook] INFO  o.s.c.s.DefaultLifecycleProcessor - Shutdown phase 2147482623 ends with 1 bean still running after timeout of 30000ms: [webServerGracefulShutdown]
2025-02-20 20:05:09 [http-nio-8080-exec-2] ERROR k.i.p.service.PatentParserService - Error parsing category: Промышленные образцы
org.openqa.selenium.WebDriverException: java.lang.InterruptedException: sleep interrupted
Build info: version: '4.25.0', revision: '8a8aea2337'
System info: os.name: 'Windows 11', os.arch: 'amd64', os.version: '10.0', java.version: '17.0.6'
Driver info: driver.version: unknown
	at org.openqa.selenium.support.ui.FluentWait.until(FluentWait.java:235)
	at kz.it.patentparser.service.PatentParserService.selectCategory(PatentParserService.java:78)
	at kz.it.patentparser.service.PatentParserService.parseAllCategories(PatentParserService.java:63)
	at kz.it.patentparser.controller.PatentController.startParsing(PatentController.java:19)
	at java.base/jdk.internal.reflect.NativeMethodAccessorImpl.invoke0(Native Method)
	at java.base/jdk.internal.reflect.NativeMethodAccessorImpl.invoke(NativeMethodAccessorImpl.java:77)
	at java.base/jdk.internal.reflect.DelegatingMethodAccessorImpl.invoke(DelegatingMethodAccessorImpl.java:43)
	at java.base/java.lang.reflect.Method.invoke(Method.java:568)
	at org.springframework.web.method.support.InvocableHandlerMethod.doInvoke(InvocableHandlerMethod.java:257)
	at org.springframework.web.method.support.InvocableHandlerMethod.invokeForRequest(InvocableHandlerMethod.java:190)
	at org.springframework.web.servlet.mvc.method.annotation.ServletInvocableHandlerMethod.invokeAndHandle(ServletInvocableHandlerMethod.java:118)
	at org.springframework.web.servlet.mvc.method.annotation.RequestMappingHandlerAdapter.invokeHandlerMethod(RequestMappingHandlerAdapter.java:986)
	at org.springframework.web.servlet.mvc.method.annotation.RequestMappingHandlerAdapter.handleInternal(RequestMappingHandlerAdapter.java:891)
	at org.springframework.web.servlet.mvc.method.AbstractHandlerMethodAdapter.handle(AbstractHandlerMethodAdapter.java:87)
	at org.springframework.web.servlet.DispatcherServlet.doDispatch(DispatcherServlet.java:1088)
	at org.springframework.web.servlet.DispatcherServlet.doService(DispatcherServlet.java:978)
	at org.springframework.web.servlet.FrameworkServlet.processRequest(FrameworkServlet.java:1014)
	at org.springframework.web.servlet.FrameworkServlet.doPost(FrameworkServlet.java:914)
	at jakarta.servlet.http.HttpServlet.service(HttpServlet.java:590)
	at org.springframework.web.servlet.FrameworkServlet.service(FrameworkServlet.java:885)
	at jakarta.servlet.http.HttpServlet.service(HttpServlet.java:658)
	at org.apache.catalina.core.ApplicationFilterChain.internalDoFilter(ApplicationFilterChain.java:195)
	at org.apache.catalina.core.ApplicationFilterChain.doFilter(ApplicationFilterChain.java:140)
	at org.apache.tomcat.websocket.server.WsFilter.doFilter(WsFilter.java:51)
	at org.apache.catalina.core.ApplicationFilterChain.internalDoFilter(ApplicationFilterChain.java:164)
	at org.apache.catalina.core.ApplicationFilterChain.doFilter(ApplicationFilterChain.java:140)
	at org.springframework.web.filter.RequestContextFilter.doFilterInternal(RequestContextFilter.java:100)
	at org.springframework.web.filter.OncePerRequestFilter.doFilter(OncePerRequestFilter.java:116)
	at org.apache.catalina.core.ApplicationFilterChain.internalDoFilter(ApplicationFilterChain.java:164)
	at org.apache.catalina.core.ApplicationFilterChain.doFilter(ApplicationFilterChain.java:140)
	at org.springframework.web.filter.FormContentFilter.doFilterInternal(FormContentFilter.java:93)
	at org.springframework.web.filter.OncePerRequestFilter.doFilter(OncePerRequestFilter.java:116)
	at org.apache.catalina.core.ApplicationFilterChain.internalDoFilter(ApplicationFilterChain.java:164)
	at org.apache.catalina.core.ApplicationFilterChain.doFilter(ApplicationFilterChain.java:140)
	at org.springframework.web.filter.CharacterEncodingFilter.doFilterInternal(CharacterEncodingFilter.java:201)
	at org.springframework.web.filter.OncePerRequestFilter.doFilter(OncePerRequestFilter.java:116)
	at org.apache.catalina.core.ApplicationFilterChain.internalDoFilter(ApplicationFilterChain.java:164)
	at org.apache.catalina.core.ApplicationFilterChain.doFilter(ApplicationFilterChain.java:140)
	at org.apache.catalina.core.StandardWrapperValve.invoke(StandardWrapperValve.java:167)
	at org.apache.catalina.core.StandardContextValve.invoke(StandardContextValve.java:90)
	at org.apache.catalina.authenticator.AuthenticatorBase.invoke(AuthenticatorBase.java:483)
	at org.apache.catalina.core.StandardHostValve.invoke(StandardHostValve.java:115)
	at org.apache.catalina.valves.ErrorReportValve.invoke(ErrorReportValve.java:93)
	at org.apache.catalina.core.StandardEngineValve.invoke(StandardEngineValve.java:74)
	at org.apache.catalina.connector.CoyoteAdapter.service(CoyoteAdapter.java:344)
	at org.apache.coyote.http11.Http11Processor.service(Http11Processor.java:397)
	at org.apache.coyote.AbstractProcessorLight.process(AbstractProcessorLight.java:63)
	at org.apache.coyote.AbstractProtocol$ConnectionHandler.process(AbstractProtocol.java:905)
	at org.apache.tomcat.util.net.NioEndpoint$SocketProcessor.doRun(NioEndpoint.java:1741)
	at org.apache.tomcat.util.net.SocketProcessorBase.run(SocketProcessorBase.java:52)
	at org.apache.tomcat.util.threads.ThreadPoolExecutor.runWorker(ThreadPoolExecutor.java:1190)
	at org.apache.tomcat.util.threads.ThreadPoolExecutor$Worker.run(ThreadPoolExecutor.java:659)
	at org.apache.tomcat.util.threads.TaskThread$WrappingRunnable.run(TaskThread.java:63)
	at java.base/java.lang.Thread.run(Thread.java:833)
Caused by: java.lang.InterruptedException: sleep interrupted
	at java.base/java.lang.Thread.sleep(Native Method)
	at org.openqa.selenium.support.ui.Sleeper.lambda$static$0(Sleeper.java:25)
	at org.openqa.selenium.support.ui.FluentWait.until(FluentWait.java:232)
	... 53 common frames omitted
2025-02-20 20:05:09 [http-nio-8080-exec-2] INFO  k.i.p.service.PatentParserService - Processing category: Селекционные достижения
2025-02-20 20:05:09 [http-nio-8080-exec-2] ERROR k.i.p.service.PatentParserService - Error parsing category: Селекционные достижения
java.lang.InterruptedException: sleep interrupted
	at java.base/java.lang.Thread.sleep(Native Method)
	at kz.it.patentparser.service.PatentParserService.parseAllCategories(PatentParserService.java:62)
	at kz.it.patentparser.controller.PatentController.startParsing(PatentController.java:19)
	at java.base/jdk.internal.reflect.NativeMethodAccessorImpl.invoke0(Native Method)
	at java.base/jdk.internal.reflect.NativeMethodAccessorImpl.invoke(NativeMethodAccessorImpl.java:77)
	at java.base/jdk.internal.reflect.DelegatingMethodAccessorImpl.invoke(DelegatingMethodAccessorImpl.java:43)
	at java.base/java.lang.reflect.Method.invoke(Method.java:568)
	at org.springframework.web.method.support.InvocableHandlerMethod.doInvoke(InvocableHandlerMethod.java:257)
	at org.springframework.web.method.support.InvocableHandlerMethod.invokeForRequest(InvocableHandlerMethod.java:190)
	at org.springframework.web.servlet.mvc.method.annotation.ServletInvocableHandlerMethod.invokeAndHandle(ServletInvocableHandlerMethod.java:118)
	at org.springframework.web.servlet.mvc.method.annotation.RequestMappingHandlerAdapter.invokeHandlerMethod(RequestMappingHandlerAdapter.java:986)
	at org.springframework.web.servlet.mvc.method.annotation.RequestMappingHandlerAdapter.handleInternal(RequestMappingHandlerAdapter.java:891)
	at org.springframework.web.servlet.mvc.method.AbstractHandlerMethodAdapter.handle(AbstractHandlerMethodAdapter.java:87)
	at org.springframework.web.servlet.DispatcherServlet.doDispatch(DispatcherServlet.java:1088)
	at org.springframework.web.servlet.DispatcherServlet.doService(DispatcherServlet.java:978)
	at org.springframework.web.servlet.FrameworkServlet.processRequest(FrameworkServlet.java:1014)
	at org.springframework.web.servlet.FrameworkServlet.doPost(FrameworkServlet.java:914)
	at jakarta.servlet.http.HttpServlet.service(HttpServlet.java:590)
	at org.springframework.web.servlet.FrameworkServlet.service(FrameworkServlet.java:885)
	at jakarta.servlet.http.HttpServlet.service(HttpServlet.java:658)
	at org.apache.catalina.core.ApplicationFilterChain.internalDoFilter(ApplicationFilterChain.java:195)
	at org.apache.catalina.core.ApplicationFilterChain.doFilter(ApplicationFilterChain.java:140)
	at org.apache.tomcat.websocket.server.WsFilter.doFilter(WsFilter.java:51)
	at org.apache.catalina.core.ApplicationFilterChain.internalDoFilter(ApplicationFilterChain.java:164)
	at org.apache.catalina.core.ApplicationFilterChain.doFilter(ApplicationFilterChain.java:140)
	at org.springframework.web.filter.RequestContextFilter.doFilterInternal(RequestContextFilter.java:100)
	at org.springframework.web.filter.OncePerRequestFilter.doFilter(OncePerRequestFilter.java:116)
	at org.apache.catalina.core.ApplicationFilterChain.internalDoFilter(ApplicationFilterChain.java:164)
	at org.apache.catalina.core.ApplicationFilterChain.doFilter(ApplicationFilterChain.java:140)
	at org.springframework.web.filter.FormContentFilter.doFilterInternal(FormContentFilter.java:93)
	at org.springframework.web.filter.OncePerRequestFilter.doFilter(OncePerRequestFilter.java:116)
	at org.apache.catalina.core.ApplicationFilterChain.internalDoFilter(ApplicationFilterChain.java:164)
	at org.apache.catalina.core.ApplicationFilterChain.doFilter(ApplicationFilterChain.java:140)
	at org.springframework.web.filter.CharacterEncodingFilter.doFilterInternal(CharacterEncodingFilter.java:201)
	at org.springframework.web.filter.OncePerRequestFilter.doFilter(OncePerRequestFilter.java:116)
	at org.apache.catalina.core.ApplicationFilterChain.internalDoFilter(ApplicationFilterChain.java:164)
	at org.apache.catalina.core.ApplicationFilterChain.doFilter(ApplicationFilterChain.java:140)
	at org.apache.catalina.core.StandardWrapperValve.invoke(StandardWrapperValve.java:167)
	at org.apache.catalina.core.StandardContextValve.invoke(StandardContextValve.java:90)
	at org.apache.catalina.authenticator.AuthenticatorBase.invoke(AuthenticatorBase.java:483)
	at org.apache.catalina.core.StandardHostValve.invoke(StandardHostValve.java:115)
	at org.apache.catalina.valves.ErrorReportValve.invoke(ErrorReportValve.java:93)
	at org.apache.catalina.core.StandardEngineValve.invoke(StandardEngineValve.java:74)
	at org.apache.catalina.connector.CoyoteAdapter.service(CoyoteAdapter.java:344)
	at org.apache.coyote.http11.Http11Processor.service(Http11Processor.java:397)
	at org.apache.coyote.AbstractProcessorLight.process(AbstractProcessorLight.java:63)
	at org.apache.coyote.AbstractProtocol$ConnectionHandler.process(AbstractProtocol.java:905)
	at org.apache.tomcat.util.net.NioEndpoint$SocketProcessor.doRun(NioEndpoint.java:1741)
	at org.apache.tomcat.util.net.SocketProcessorBase.run(SocketProcessorBase.java:52)
	at org.apache.tomcat.util.threads.ThreadPoolExecutor.runWorker(ThreadPoolExecutor.java:1190)
	at org.apache.tomcat.util.threads.ThreadPoolExecutor$Worker.run(ThreadPoolExecutor.java:659)
	at org.apache.tomcat.util.threads.TaskThread$WrappingRunnable.run(TaskThread.java:63)
	at java.base/java.lang.Thread.run(Thread.java:833)
2025-02-20 20:05:09 [http-nio-8080-exec-2] INFO  k.i.p.service.PatentParserService - Processing category: Товарные знаки
2025-02-20 20:05:09 [tomcat-shutdown] INFO  o.s.b.w.e.tomcat.GracefulShutdown - Graceful shutdown aborted with one or more requests still active
2025-02-20 20:05:12 [http-nio-8080-exec-2] INFO  k.i.p.service.PatentParserService - Selecting category: Товарные знаки
2025-02-20 20:05:14 [SpringApplicationShutdownHook] INFO  o.s.o.j.LocalContainerEntityManagerFactoryBean - Closing JPA EntityManagerFactory for persistence unit 'default'
2025-02-20 20:05:14 [SpringApplicationShutdownHook] INFO  com.zaxxer.hikari.HikariDataSource - HikariPool-1 - Shutdown initiated...
2025-02-20 20:05:14 [SpringApplicationShutdownHook] INFO  com.zaxxer.hikari.HikariDataSource - HikariPool-1 - Shutdown completed.
